2019-06-22T07:25:57+00:00 CRITICAL Uncaught Error: Call to undefined function lz_computer_repair_credit() in C:\xampp\htdocs\pideuntecnico\wp-content\themes\lz-computer-repair\template-parts\footer\site-info.php:13
Stack trace:
#0 C:\xampp\htdocs\pideuntecnico\wp-includes\template.php(724): require()
#1 C:\xampp\htdocs\pideuntecnico\wp-includes\template.php(671): load_template('C:\\xampp\\htdocs...', false)
#2 C:\xampp\htdocs\pideuntecnico\wp-includes\general-template.php(168): locate_template(Array, true, false)
#3 C:\xampp\htdocs\pideuntecnico\wp-content\themes\lz-computer-repair\footer.php(18): get_template_part('template-parts/...', 'info')
#4 C:\xampp\htdocs\pideuntecnico\wp-includes\template.php(722): require_once('C:\\xampp\\htdocs...')
#5 C:\xampp\htdocs\pideuntecnico\wp-includes\template.php(671): load_template('C:\\xampp\\htdocs...', true)
#6 C:\xampp\htdocs\pideuntecnico\wp-includes\general-template.php(76): locate_template(Array, true)
#7 C:\xampp\htdocs\pideuntecnico\wp-content\themes\lz-computer-repair\page.php(36): get_footer()
 en C:\xampp\htdocs\pideuntecnico\wp-content\themes\lz-computer-repair\template-parts\footer\site-info.php en la línea 13

2019-06-22T07:26:00+00:00 CRITICAL Uncaught Error: Call to undefined function lz_computer_repair_credit() in C:\xampp\htdocs\pideuntecnico\wp-content\themes\lz-computer-repair\template-parts\footer\site-info.php:13
Stack trace:
#0 C:\xampp\htdocs\pideuntecnico\wp-includes\template.php(724): require()
#1 C:\xampp\htdocs\pideuntecnico\wp-includes\template.php(671): load_template('C:\\xampp\\htdocs...', false)
#2 C:\xampp\htdocs\pideuntecnico\wp-includes\general-template.php(168): locate_template(Array, true, false)
#3 C:\xampp\htdocs\pideuntecnico\wp-content\themes\lz-computer-repair\footer.php(18): get_template_part('template-parts/...', 'info')
#4 C:\xampp\htdocs\pideuntecnico\wp-includes\template.php(722): require_once('C:\\xampp\\htdocs...')
#5 C:\xampp\htdocs\pideuntecnico\wp-includes\template.php(671): load_template('C:\\xampp\\htdocs...', true)
#6 C:\xampp\htdocs\pideuntecnico\wp-includes\general-template.php(76): locate_template(Array, true)
#7 C:\xampp\htdocs\pideuntecnico\wp-content\themes\lz-computer-repair\404.php(31): get_footer()
# en C:\xampp\htdocs\pideuntecnico\wp-content\themes\lz-computer-repair\template-parts\footer\site-info.php en la línea 13

2019-06-22T07:27:31+00:00 CRITICAL Uncaught Error: Call to undefined function lz_computer_repair_credit() in C:\xampp\htdocs\pideuntecnico\wp-content\themes\lz-computer-repair\template-parts\footer\site-info.php:13
Stack trace:
#0 C:\xampp\htdocs\pideuntecnico\wp-includes\template.php(724): require()
#1 C:\xampp\htdocs\pideuntecnico\wp-includes\template.php(671): load_template('C:\\xampp\\htdocs...', false)
#2 C:\xampp\htdocs\pideuntecnico\wp-includes\general-template.php(168): locate_template(Array, true, false)
#3 C:\xampp\htdocs\pideuntecnico\wp-content\themes\lz-computer-repair\footer.php(18): get_template_part('template-parts/...', 'info')
#4 C:\xampp\htdocs\pideuntecnico\wp-includes\template.php(722): require_once('C:\\xampp\\htdocs...')
#5 C:\xampp\htdocs\pideuntecnico\wp-includes\template.php(671): load_template('C:\\xampp\\htdocs...', true)
#6 C:\xampp\htdocs\pideuntecnico\wp-includes\general-template.php(76): locate_template(Array, true)
#7 C:\xampp\htdocs\pideuntecnico\wp-content\themes\lz-computer-repair\page.php(36): get_footer()
 en C:\xampp\htdocs\pideuntecnico\wp-content\themes\lz-computer-repair\template-parts\footer\site-info.php en la línea 13

2019-06-22T07:27:34+00:00 CRITICAL Uncaught Error: Call to undefined function lz_computer_repair_credit() in C:\xampp\htdocs\pideuntecnico\wp-content\themes\lz-computer-repair\template-parts\footer\site-info.php:13
Stack trace:
#0 C:\xampp\htdocs\pideuntecnico\wp-includes\template.php(724): require()
#1 C:\xampp\htdocs\pideuntecnico\wp-includes\template.php(671): load_template('C:\\xampp\\htdocs...', false)
#2 C:\xampp\htdocs\pideuntecnico\wp-includes\general-template.php(168): locate_template(Array, true, false)
#3 C:\xampp\htdocs\pideuntecnico\wp-content\themes\lz-computer-repair\footer.php(18): get_template_part('template-parts/...', 'info')
#4 C:\xampp\htdocs\pideuntecnico\wp-includes\template.php(722): require_once('C:\\xampp\\htdocs...')
#5 C:\xampp\htdocs\pideuntecnico\wp-includes\template.php(671): load_template('C:\\xampp\\htdocs...', true)
#6 C:\xampp\htdocs\pideuntecnico\wp-includes\general-template.php(76): locate_template(Array, true)
#7 C:\xampp\htdocs\pideuntecnico\wp-content\themes\lz-computer-repair\404.php(31): get_footer()
# en C:\xampp\htdocs\pideuntecnico\wp-content\themes\lz-computer-repair\template-parts\footer\site-info.php en la línea 13

2019-06-22T07:28:41+00:00 CRITICAL Uncaught Error: Call to undefined function lz_computer_repair_credit() in C:\xampp\htdocs\pideuntecnico\wp-content\themes\lz-computer-repair\template-parts\footer\site-info.php:13
Stack trace:
#0 C:\xampp\htdocs\pideuntecnico\wp-includes\template.php(724): require()
#1 C:\xampp\htdocs\pideuntecnico\wp-includes\template.php(671): load_template('C:\\xampp\\htdocs...', false)
#2 C:\xampp\htdocs\pideuntecnico\wp-includes\general-template.php(168): locate_template(Array, true, false)
#3 C:\xampp\htdocs\pideuntecnico\wp-content\themes\lz-computer-repair\footer.php(18): get_template_part('template-parts/...', 'info')
#4 C:\xampp\htdocs\pideuntecnico\wp-includes\template.php(722): require_once('C:\\xampp\\htdocs...')
#5 C:\xampp\htdocs\pideuntecnico\wp-includes\template.php(671): load_template('C:\\xampp\\htdocs...', true)
#6 C:\xampp\htdocs\pideuntecnico\wp-includes\general-template.php(76): locate_template(Array, true)
#7 C:\xampp\htdocs\pideuntecnico\wp-content\themes\lz-computer-repair\page.php(36): get_footer()
 en C:\xampp\htdocs\pideuntecnico\wp-content\themes\lz-computer-repair\template-parts\footer\site-info.php en la línea 13

2019-06-22T07:28:44+00:00 CRITICAL Uncaught Error: Call to undefined function lz_computer_repair_credit() in C:\xampp\htdocs\pideuntecnico\wp-content\themes\lz-computer-repair\template-parts\footer\site-info.php:13
Stack trace:
#0 C:\xampp\htdocs\pideuntecnico\wp-includes\template.php(724): require()
#1 C:\xampp\htdocs\pideuntecnico\wp-includes\template.php(671): load_template('C:\\xampp\\htdocs...', false)
#2 C:\xampp\htdocs\pideuntecnico\wp-includes\general-template.php(168): locate_template(Array, true, false)
#3 C:\xampp\htdocs\pideuntecnico\wp-content\themes\lz-computer-repair\footer.php(18): get_template_part('template-parts/...', 'info')
#4 C:\xampp\htdocs\pideuntecnico\wp-includes\template.php(722): require_once('C:\\xampp\\htdocs...')
#5 C:\xampp\htdocs\pideuntecnico\wp-includes\template.php(671): load_template('C:\\xampp\\htdocs...', true)
#6 C:\xampp\htdocs\pideuntecnico\wp-includes\general-template.php(76): locate_template(Array, true)
#7 C:\xampp\htdocs\pideuntecnico\wp-content\themes\lz-computer-repair\404.php(31): get_footer()
# en C:\xampp\htdocs\pideuntecnico\wp-content\themes\lz-computer-repair\template-parts\footer\site-info.php en la línea 13

2019-06-22T22:22:09+00:00 CRITICAL Allowed memory size of 41943040 bytes exhausted (tried to allocate 32768 bytes) en C:\xampp\htdocs\pideuntecnico\wp-admin\includes\template.php en la línea 770

2019-06-22T22:41:09+00:00 CRITICAL Allowed memory size of 41943040 bytes exhausted (tried to allocate 32768 bytes) en C:\xampp\htdocs\pideuntecnico\wp-content\plugins\woocommerce-admin\includes\api\class-wc-admin-rest-reports-taxes-stats-controller.php en la línea 338

2019-06-22T22:56:15+00:00 CRITICAL Allowed memory size of 41943040 bytes exhausted (tried to allocate 32768 bytes) en C:\xampp\htdocs\pideuntecnico\wp-admin\custom-header.php en la línea 984

